<?xml version="1.0" encoding="UTF-8"?>
<testng-results ignored="1" total="3" passed="2" failed="0" skipped="0">
  <reporter-output>
  </reporter-output>
  <suite started-at="2022-11-29T10:12:01Z" name="All Test Suite" finished-at="2022-11-29T10:12:56Z" duration-ms="55430">
    <groups>
    </groups>
    <test started-at="2022-11-29T10:12:01Z" name="/Users/janardhan/IntelliJProjects/Question11" finished-at="2022-11-29T10:12:56Z" duration-ms="55430">
      <class name="TestCases.Checkout_TestCase">
        <test-method is-config="true" signature="launchBrowser()[pri:0, instance:TestCases.Checkout_TestCase@221af3c0]" started-at="2022-11-29T10:12:01Z" name="launchBrowser" finished-at="2022-11-29T10:12:15Z" duration-ms="14541" status="PASS">
          <reporter-output>
          </reporter-output>
        </test-method> <!-- launchBrowser -->
        <test-method signature="navigate()[pri:1, instance:TestCases.Checkout_TestCase@221af3c0]" started-at="2022-11-29T10:12:15Z" name="navigate" finished-at="2022-11-29T10:12:48Z" duration-ms="32750" status="PASS">
          <reporter-output>
          </reporter-output>
        </test-method> <!-- navigate -->
        <test-method signature="checkout()[pri:0, instance:TestCases.Checkout_TestCase@221af3c0]" started-at="2022-11-29T10:12:48Z" name="checkout" finished-at="2022-11-29T10:12:56Z" depends-on-methods="TestCases.Checkout_TestCase.navigate" duration-ms="7906" status="PASS">
          <reporter-output>
          </reporter-output>
        </test-method> <!-- checkout -->
        <test-method is-config="true" signature="teardown()[pri:0, instance:TestCases.Checkout_TestCase@221af3c0]" started-at="2022-11-29T10:12:56Z" name="teardown" finished-at="2022-11-29T10:12:56Z" duration-ms="222" status="PASS">
          <reporter-output>
          </reporter-output>
        </test-method> <!-- teardown -->
      </class> <!-- TestCases.Checkout_TestCase -->
    </test> <!-- /Users/janardhan/IntelliJProjects/Question11 -->
  </suite> <!-- All Test Suite -->
</testng-results>
