<?xml version="1.0" encoding="UTF-8"?>
<!-- Generated by org.testng.reporters.JUnitXMLReporter -->
<testsuite ignored="1" hostname="RFL348.local" failures="0" tests="2" name="/Users/janardhan/IntelliJProjects/Question11" time="55.43" errors="0" timestamp="29 Nov 2022 10:12:56 GMT">
  <testcase classname="TestCases.Checkout_TestCase" name="navigate" time="32.75"/>
  <testcase classname="TestCases.Checkout_TestCase" name="checkout" time="7.906"/>
  <testcase classname="TestCases.Checkout_TestCase" name="buyNow" time="0.0">
    <ignored/>
  </testcase> <!-- buyNow -->
</testsuite> <!-- /Users/janardhan/IntelliJProjects/Question11 -->
